<?xml version="1.0" encoding="UTF-8"?>
<!-- Generated by org.testng.reporters.JUnitReportReporter -->
<testsuite hostname="LAPTOP-217R14G5" failures="0" tests="2" name="com.testautomation.byteam.Sravani" time="25.323" errors="0" timestamp="2022-08-15T12:56:07 IST" skipped="0">
  <testcase classname="com.testautomation.byteam.Sravani" name="display" time="11.008"/>
  <system-out/>
  <testcase classname="com.testautomation.byteam.Sravani" name="write" time="14.315"/>
  <system-out/>
</testsuite> <!-- com.testautomation.byteam.Sravani -->
