<?xml version="1.0" encoding="UTF-8"?>
<!-- Generated by org.testng.reporters.JUnitReportReporter -->
<testsuite hostname="DESKTOP-8Q41GAR" failures="0" tests="2" name="com.testautomation.byteam.Punit" time="19.384" errors="0" timestamp="2022-08-15T00:10:41 IST" skipped="0">
  <testcase classname="com.testautomation.byteam.Punit" name="tc1" time="0.117"/>
  <system-out/>
  <testcase classname="com.testautomation.byteam.Punit" name="tc2" time="19.267"/>
  <system-out/>
</testsuite> <!-- com.testautomation.byteam.Punit -->
